<?xml version="1.0" encoding="UTF-8"?>
<!-- Generated by org.testng.reporters.JUnitReportReporter -->
<testsuite skipped="0" hostname="DESKTOP-FD31KCF" name="com.gladminds.ABCare.AfterBuy.UsersPageTestCase" tests="1" failures="0" timestamp="14 Sep 2018 05:13:17 GMT" time="4.529" errors="0">
  <testcase name="verify_users" time="4.529" classname="com.gladminds.ABCare.AfterBuy.UsersPageTestCase"/>
</testsuite> <!-- com.gladminds.ABCare.AfterBuy.UsersPageTestCase -->
